  practica4_conjerarquia.cpp
C:\Users\riosn\OneDrive\Documentos\NOVENO SEMESTRE\COMPUTACION GRRAFICA\PRACTICA 4\PRACTICA 4\Window.h(12,36): warning C4244: 'return': conversión de 'GLint' a 'GLfloat'; posible pérdida de datos
  (compilando archivo de origen "practica4_conjerarquia.cpp")
  
C:\Users\riosn\OneDrive\Documentos\NOVENO SEMESTRE\COMPUTACION GRRAFICA\PRACTICA 4\PRACTICA 4\Window.h(13,37): warning C4244: 'return': conversión de 'GLint' a 'GLfloat'; posible pérdida de datos
  (compilando archivo de origen "practica4_conjerarquia.cpp")
  
C:\Users\riosn\OneDrive\Documentos\NOVENO SEMESTRE\COMPUTACION GRRAFICA\PRACTICA 4\PRACTICA 4\practica4_conjerarquia.cpp(28,36): warning C4305: 'inicializando': truncamiento de 'double' a 'float'
C:\Users\riosn\OneDrive\Documentos\NOVENO SEMESTRE\COMPUTACION GRRAFICA\PRACTICA 4\PRACTICA 4\practica4_conjerarquia.cpp(191,16): warning C4018: '<': no coinciden signed/unsigned
C:\Users\riosn\OneDrive\Documentos\NOVENO SEMESTRE\COMPUTACION GRRAFICA\PRACTICA 4\PRACTICA 4\practica4_conjerarquia.cpp(233,32): warning C4244: 'argumento': conversión de 'double' a '_Ty'; posible pérdida de datos
C:\Users\riosn\OneDrive\Documentos\NOVENO SEMESTRE\COMPUTACION GRRAFICA\PRACTICA 4\PRACTICA 4\practica4_conjerarquia.cpp(233,32): warning C4244:         with
C:\Users\riosn\OneDrive\Documentos\NOVENO SEMESTRE\COMPUTACION GRRAFICA\PRACTICA 4\PRACTICA 4\practica4_conjerarquia.cpp(233,32): warning C4244:         [
C:\Users\riosn\OneDrive\Documentos\NOVENO SEMESTRE\COMPUTACION GRRAFICA\PRACTICA 4\PRACTICA 4\practica4_conjerarquia.cpp(233,32): warning C4244:             _Ty=GLfloat
C:\Users\riosn\OneDrive\Documentos\NOVENO SEMESTRE\COMPUTACION GRRAFICA\PRACTICA 4\PRACTICA 4\practica4_conjerarquia.cpp(233,32): warning C4244:         ]
C:\Users\riosn\OneDrive\Documentos\NOVENO SEMESTRE\COMPUTACION GRRAFICA\PRACTICA 4\PRACTICA 4\practica4_conjerarquia.cpp(235,32): warning C4244: 'argumento': conversión de 'double' a '_Ty'; posible pérdida de datos
C:\Users\riosn\OneDrive\Documentos\NOVENO SEMESTRE\COMPUTACION GRRAFICA\PRACTICA 4\PRACTICA 4\practica4_conjerarquia.cpp(235,32): warning C4244:         with
C:\Users\riosn\OneDrive\Documentos\NOVENO SEMESTRE\COMPUTACION GRRAFICA\PRACTICA 4\PRACTICA 4\practica4_conjerarquia.cpp(235,32): warning C4244:         [
C:\Users\riosn\OneDrive\Documentos\NOVENO SEMESTRE\COMPUTACION GRRAFICA\PRACTICA 4\PRACTICA 4\practica4_conjerarquia.cpp(235,32): warning C4244:             _Ty=GLfloat
C:\Users\riosn\OneDrive\Documentos\NOVENO SEMESTRE\COMPUTACION GRRAFICA\PRACTICA 4\PRACTICA 4\practica4_conjerarquia.cpp(235,32): warning C4244:         ]
C:\Users\riosn\OneDrive\Documentos\NOVENO SEMESTRE\COMPUTACION GRRAFICA\PRACTICA 4\PRACTICA 4\practica4_conjerarquia.cpp(355,15): warning C4244: 'inicializando': conversión de 'double' a 'GLfloat'; posible pérdida de datos
C:\Users\riosn\OneDrive\Documentos\NOVENO SEMESTRE\COMPUTACION GRRAFICA\PRACTICA 4\PRACTICA 4\practica4_conjerarquia.cpp(357,33): warning C4244: '+=': conversión de 'double' a 'GLfloat'; posible pérdida de datos
LINK : warning LNK4098: la biblioteca predeterminada'MSVCRT' entra en conflicto con otras bibliotecas; use la biblioteca /NODEFAULTLIB:biblioteca
  PRACTICA 4.vcxproj -> C:\Users\riosn\OneDrive\Documentos\NOVENO SEMESTRE\COMPUTACION GRRAFICA\PRACTICA 4\Debug\PRACTICA 4.exe
